<?xml version="1.0" encoding="UTF-8"?>
<!-- Generated by org.testng.reporters.JUnitReportReporter -->
<testsuite hostname="JyotiRanjan" failures="0" tests="1" name="POSTAPITest.CreateUserAPITest" time="10.587" errors="0" timestamp="2025-08-02T16:24:23 IST" skipped="0">
  <testcase classname="POSTAPITest.CreateUserAPITest" name="createUserWithJSONFileWithStringReplaceMent" time="10.587"/>
</testsuite> <!-- POSTAPITest.CreateUserAPITest -->
