<?xml version="1.0" encoding="UTF-8"?>
<!-- Generated by org.testng.reporters.JUnitReportReporter -->
<testsuite hostname="WKWZTMQauBjiWzF" failures="0" tests="1" name="GETAPITestWithBDD.Session02_02_GetUserWithQueryParam" time="3.073" errors="0" timestamp="2025-07-28T19:26:58 IST" skipped="0">
  <testcase classname="GETAPITestWithBDD.Session02_02_GetUserWithQueryParam" name="getUserTestWithQueryParamUsingMap" time="3.073"/>
</testsuite> <!-- GETAPITestWithBDD.Session02_02_GetUserWithQueryParam -->
