<?xml version="1.0" encoding="UTF-8"?>
<!-- Generated by org.testng.reporters.JUnitReportReporter -->
<testsuite hostname="JyotiRanjan" failures="0" tests="1" name="GETAPIWithNonBDD.GetContactsAPITest" time="2.489" errors="0" timestamp="2025-08-02T15:14:58 IST" skipped="0">
  <testcase classname="GETAPIWithNonBDD.GetContactsAPITest" name="getContactsTest" time="2.489"/>
</testsuite> <!-- GETAPIWithNonBDD.GetContactsAPITest -->
