<?xml version="1.0" encoding="UTF-8"?>
<!-- Generated by org.testng.reporters.JUnitReportReporter -->
<testsuite hostname="WKWZTMQauBjiWzF" failures="0" tests="1" name="GETAPITestWithBDD.ContactAPITest" time="2.823" errors="0" timestamp="2025-07-28T13:14:43 IST" skipped="0">
  <testcase classname="GETAPITestWithBDD.ContactAPITest" name="getContactAPITest" time="2.823"/>
</testsuite> <!-- GETAPITestWithBDD.ContactAPITest -->
