<?xml version="1.0" encoding="UTF-8"?>
<!-- Generated by org.testng.reporters.JUnitReportReporter -->
<testsuite hostname="JyotiRanjan" failures="0" tests="1" name="GETAPITestWithBDD.Session02_03_GetUserWithPathParamTest" time="1.671" errors="0" timestamp="2025-08-02T11:35:02 IST" skipped="0">
  <testcase classname="GETAPITestWithBDD.Session02_03_GetUserWithPathParamTest" name="getUserPostWithPathParamsUsingHashMapTest" time="1.671"/>
</testsuite> <!-- GETAPITestWithBDD.Session02_03_GetUserWithPathParamTest -->
