<?xml version="1.0" encoding="UTF-8"?>
<!-- Generated by org.testng.reporters.JUnitReportReporter -->
<testsuite hostname="JyotiRanjan" failures="0" tests="1" name="GETAPITestWithBDD.GoRestAPITest" time="2.526" errors="0" timestamp="2025-07-27T13:12:03 IST" skipped="0">
  <testcase classname="GETAPITestWithBDD.GoRestAPITest" name="getAllUserTest" time="2.526"/>
</testsuite> <!-- GETAPITestWithBDD.GoRestAPITest -->
