<?xml version="1.0" encoding="UTF-8"?>
<!-- Generated by org.testng.reporters.JUnitReportReporter -->
<testsuite hostname="JyotiRanjan" failures="0" tests="1" name="GETAPITestWithBDD.ContactAPITest" time="3.482" errors="0" timestamp="2025-07-27T12:49:50 IST" skipped="0">
  <testcase classname="GETAPITestWithBDD.ContactAPITest" name="getContactInvalidTokenTest" time="3.482"/>
</testsuite> <!-- GETAPITestWithBDD.ContactAPITest -->
