<?xml version="1.0" encoding="UTF-8"?>
<!-- Generated by org.testng.reporters.JUnitReportReporter -->
<testsuite hostname="WKWZTMQauBjiWzF" failures="0" tests="1" name="GETAPITestWithBDD.Session02_01_ProductAPITest" time="3.107" errors="0" timestamp="2025-07-28T22:19:31 IST" skipped="0">
  <testcase classname="GETAPITestWithBDD.Session02_01_ProductAPITest" name="getProductCountTest" time="3.107"/>
</testsuite> <!-- GETAPITestWithBDD.Session02_01_ProductAPITest -->
