<?xml version="1.0" encoding="UTF-8"?>
<!-- Generated by org.testng.reporters.JUnitReportReporter -->
<testsuite hostname="JyotiRanjan" failures="0" tests="1" name="POSTAPIWithDifferentBodyTypes.POSTAPIWithDifferentBody" time="3.474" errors="0" timestamp="2025-08-02T17:04:43 IST" skipped="0">
  <testcase classname="POSTAPIWithDifferentBodyTypes.POSTAPIWithDifferentBody" name="bodyWithImageFileTest" time="3.474"/>
</testsuite> <!-- POSTAPIWithDifferentBodyTypes.POSTAPIWithDifferentBody -->
