<?xml version="1.0" encoding="UTF-8"?>
<!-- Generated by org.testng.reporters.JUnitReportReporter -->
<testsuite hostname="WKWZTMQauBjiWzF" failures="0" tests="1" name="GETAPITestWithBDD.Session01_ContactAPITest" time="2.803" errors="0" timestamp="2025-07-28T18:19:37 IST" skipped="0">
  <testcase classname="GETAPITestWithBDD.Session01_ContactAPITest" name="getContactAPITest" time="2.803"/>
</testsuite> <!-- GETAPITestWithBDD.Session01_ContactAPITest -->
