<?xml version="1.0" encoding="UTF-8"?>
<!-- Generated by org.testng.reporters.JUnitReportReporter -->
<testsuite hostname="WKWZTMQauBjiWzF" failures="0" tests="1" name="GETAPITestWithBDD.Session02_03_GetUserWithPathParamTest" time="1.903" errors="0" timestamp="2025-07-28T21:39:42 IST" skipped="0">
  <testcase classname="GETAPITestWithBDD.Session02_03_GetUserWithPathParamTest" name="getUserPostWithPathParamsUsingHashMapTest" time="1.903"/>
</testsuite> <!-- GETAPITestWithBDD.Session02_03_GetUserWithPathParamTest -->
